<?xml version="1.0" encoding="UTF-8"?>
<testng-results skipped="0" failed="0" ignored="0" total="1" passed="1">
  <reporter-output>
  </reporter-output>
  <suite name="Rozetka" duration-ms="44389" started-at="2019-07-24T23:38:33Z" finished-at="2019-07-24T23:39:18Z">
    <groups>
    </groups>
    <test name="Producrs" duration-ms="44389" started-at="2019-07-24T23:38:33Z" finished-at="2019-07-24T23:39:18Z">
      <class name="Products.CompareProductsTest">
        <test-method status="PASS" signature="beforeClass()[pri:0, instance:Products.CompareProductsTest@3c09711b]" name="beforeClass" is-config="true" duration-ms="7212" started-at="2019-07-24T23:38:33Z" finished-at="2019-07-24T23:38:41Z">
          <reporter-output>
          </reporter-output>
        </test-method> <!-- beforeClass -->
        <test-method status="PASS" signature="beforeTestMethod()[pri:0, instance:Products.CompareProductsTest@3c09711b]" name="beforeTestMethod" is-config="true" duration-ms="10049" started-at="2019-07-24T23:38:41Z" finished-at="2019-07-24T23:38:51Z">
          <reporter-output>
          </reporter-output>
        </test-method> <!-- beforeTestMethod -->
        <test-method status="PASS" signature="CompareProduct()[pri:0, instance:Products.CompareProductsTest@3c09711b]" name="CompareProduct" duration-ms="26783" started-at="2019-07-24T23:38:51Z" finished-at="2019-07-24T23:39:17Z">
          <reporter-output>
          </reporter-output>
        </test-method> <!-- CompareProduct -->
        <test-method status="PASS" signature="afterClass()[pri:0, instance:Products.CompareProductsTest@3c09711b]" name="afterClass" is-config="true" duration-ms="322" started-at="2019-07-24T23:39:17Z" finished-at="2019-07-24T23:39:18Z">
          <reporter-output>
          </reporter-output>
        </test-method> <!-- afterClass -->
      </class> <!-- Products.CompareProductsTest -->
    </test> <!-- Producrs -->
  </suite> <!-- Rozetka -->
</testng-results>
